2014-04-15T11:43:51+00:00 ERR (3): Warning: include(Mobile/Detect.php): failed to open stream: No such file or directory  in /var/www/html/indedelight/lib/Varien/Autoload.php on line 93
2014-04-15T11:43:51+00:00 ERR (3): Warning: include(): Failed opening 'Mobile/Detect.php' for inclusion (include_path='/var/www/html/indedelight/app/code/local:/var/www/html/indedelight/app/code/community:/var/www/html/indedelight/app/code/core:/var/www/html/indedelight/lib:.:/usr/share/pear:/usr/share/php')  in /var/www/html/indedelight/lib/Varien/Autoload.php on line 93
2014-04-15T11:43:51+00:00 ERR (3): Warning: parse_ini_file(/var/www/html/indedelight/app/design/frontend/default/default/profiles//core/.ini): failed to open stream: No such file or directory  in /var/www/html/indedelight/app/code/local/Wavethemes/Jmbasetheme/Helper/Data.php on line 87
2014-04-15T11:43:51+00:00 ERR (3): Warning: parse_ini_file(/var/www/html/indedelight/app/design/frontend/default/default/profiles//core/.ini): failed to open stream: No such file or directory  in /var/www/html/indedelight/app/code/local/Wavethemes/Jmbasetheme/Helper/Data.php on line 87
2014-04-15T11:43:51+00:00 ERR (3): Notice: Undefined variable: curenturl  in /var/www/html/indedelight/app/design/frontend/base/default/template/jmquickview/quickviewhead.phtml on line 4
2014-04-15T11:43:52+00:00 ERR (3): Notice: Undefined variable: children  in /var/www/html/indedelight/lib/megamenu/mega.class.php on line 110
2014-04-15T11:43:52+00:00 CRIT (2): Not valid template file:frontend/base/default/template/page/html/region-nav.phtml
2014-04-15T11:43:53+00:00 ERR (3): Warning: parse_ini_file(/var/www/html/indedelight/app/design/frontend/default/default/profiles//core/.ini): failed to open stream: No such file or directory  in /var/www/html/indedelight/app/code/local/Wavethemes/Jmbasetheme/Helper/Data.php on line 87
2014-04-15T11:43:53+00:00 ERR (3): Warning: include(Mobile/Detect.php): failed to open stream: No such file or directory  in /var/www/html/indedelight/lib/Varien/Autoload.php on line 93
2014-04-15T11:43:53+00:00 ERR (3): Warning: include(): Failed opening 'Mobile/Detect.php' for inclusion (include_path='/var/www/html/indedelight/app/code/local:/var/www/html/indedelight/app/code/community:/var/www/html/indedelight/app/code/core:/var/www/html/indedelight/lib:.:/usr/share/pear:/usr/share/php')  in /var/www/html/indedelight/lib/Varien/Autoload.php on line 93
2014-04-15T11:43:54+00:00 ERR (3): Warning: include(Mobile/Detect.php): failed to open stream: No such file or directory  in /var/www/html/indedelight/lib/Varien/Autoload.php on line 93
2014-04-15T11:43:54+00:00 ERR (3): Warning: include(): Failed opening 'Mobile/Detect.php' for inclusion (include_path='/var/www/html/indedelight/app/code/local:/var/www/html/indedelight/app/code/community:/var/www/html/indedelight/app/code/core:/var/www/html/indedelight/lib:.:/usr/share/pear:/usr/share/php')  in /var/www/html/indedelight/lib/Varien/Autoload.php on line 93
2014-04-15T11:43:54+00:00 ERR (3): Warning: parse_ini_file(/var/www/html/indedelight/app/design/frontend/default/default/profiles//core/.ini): failed to open stream: No such file or directory  in /var/www/html/indedelight/app/code/local/Wavethemes/Jmbasetheme/Helper/Data.php on line 87
2014-04-15T11:43:54+00:00 ERR (3): Warning: parse_ini_file(/var/www/html/indedelight/app/design/frontend/default/default/profiles//core/.ini): failed to open stream: No such file or directory  in /var/www/html/indedelight/app/code/local/Wavethemes/Jmbasetheme/Helper/Data.php on line 87
2014-04-15T11:43:54+00:00 ERR (3): Notice: Undefined variable: curenturl  in /var/www/html/indedelight/app/design/frontend/base/default/template/jmquickview/quickviewhead.phtml on line 4
2014-04-15T11:43:54+00:00 ERR (3): Notice: Undefined variable: children  in /var/www/html/indedelight/lib/megamenu/mega.class.php on line 110
2014-04-15T11:44:25+00:00 ERR (3): Warning: include(Mobile/Detect.php): failed to open stream: No such file or directory  in /var/www/html/indedelight/lib/Varien/Autoload.php on line 93
2014-04-15T11:44:25+00:00 ERR (3): Warning: include(): Failed opening 'Mobile/Detect.php' for inclusion (include_path='/var/www/html/indedelight/app/code/local:/var/www/html/indedelight/app/code/community:/var/www/html/indedelight/app/code/core:/var/www/html/indedelight/lib:.:/usr/share/pear:/usr/share/php')  in /var/www/html/indedelight/lib/Varien/Autoload.php on line 93
2014-04-15T11:44:34+00:00 ERR (3): Warning: include(Mobile/Detect.php): failed to open stream: No such file or directory  in /var/www/html/indedelight/lib/Varien/Autoload.php on line 93
2014-04-15T11:44:34+00:00 ERR (3): Warning: include(): Failed opening 'Mobile/Detect.php' for inclusion (include_path='/var/www/html/indedelight/app/code/local:/var/www/html/indedelight/app/code/community:/var/www/html/indedelight/app/code/core:/var/www/html/indedelight/lib:.:/usr/share/pear:/usr/share/php')  in /var/www/html/indedelight/lib/Varien/Autoload.php on line 93
2014-04-15T11:44:46+00:00 ERR (3): Warning: include(Mobile/Detect.php): failed to open stream: No such file or directory  in /var/www/html/indedelight/lib/Varien/Autoload.php on line 93
2014-04-15T11:44:46+00:00 ERR (3): Warning: include(): Failed opening 'Mobile/Detect.php' for inclusion (include_path='/var/www/html/indedelight/app/code/local:/var/www/html/indedelight/app/code/community:/var/www/html/indedelight/app/code/core:/var/www/html/indedelight/lib:.:/usr/share/pear:/usr/share/php')  in /var/www/html/indedelight/lib/Varien/Autoload.php on line 93
2014-04-16T06:52:26+00:00 ERR (3): Warning: include(Mobile/Detect.php): failed to open stream: No such file or directory  in /var/www/html/indedelights/lib/Varien/Autoload.php on line 93
2014-04-16T06:52:26+00:00 ERR (3): Warning: include(): Failed opening 'Mobile/Detect.php' for inclusion (include_path='/var/www/html/indedelights/app/code/local:/var/www/html/indedelights/app/code/community:/var/www/html/indedelights/app/code/core:/var/www/html/indedelights/lib:.:/usr/share/pear:/usr/share/php')  in /var/www/html/indedelights/lib/Varien/Autoload.php on line 93
2014-04-16T06:52:41+00:00 ERR (3): Warning: include(Mobile/Detect.php): failed to open stream: No such file or directory  in /var/www/html/indedelights/lib/Varien/Autoload.php on line 93
2014-04-16T06:52:41+00:00 ERR (3): Warning: include(): Failed opening 'Mobile/Detect.php' for inclusion (include_path='/var/www/html/indedelights/app/code/local:/var/www/html/indedelights/app/code/community:/var/www/html/indedelights/app/code/core:/var/www/html/indedelights/lib:.:/usr/share/pear:/usr/share/php')  in /var/www/html/indedelights/lib/Varien/Autoload.php on line 93
2014-04-16T06:52:46+00:00 ERR (3): Warning: include(Mobile/Detect.php): failed to open stream: No such file or directory  in /var/www/html/indedelights/lib/Varien/Autoload.php on line 93
2014-04-16T06:52:46+00:00 ERR (3): Warning: include(): Failed opening 'Mobile/Detect.php' for inclusion (include_path='/var/www/html/indedelights/app/code/local:/var/www/html/indedelights/app/code/community:/var/www/html/indedelights/app/code/core:/var/www/html/indedelights/lib:.:/usr/share/pear:/usr/share/php')  in /var/www/html/indedelights/lib/Varien/Autoload.php on line 93
2014-04-16T06:52:48+00:00 ERR (3): Warning: include(Mobile/Detect.php): failed to open stream: No such file or directory  in /var/www/html/indedelights/lib/Varien/Autoload.php on line 93
2014-04-16T06:52:48+00:00 ERR (3): Warning: include(): Failed opening 'Mobile/Detect.php' for inclusion (include_path='/var/www/html/indedelights/app/code/local:/var/www/html/indedelights/app/code/community:/var/www/html/indedelights/app/code/core:/var/www/html/indedelights/lib:.:/usr/share/pear:/usr/share/php')  in /var/www/html/indedelights/lib/Varien/Autoload.php on line 93
2014-04-16T06:53:05+00:00 ERR (3): Warning: include(Mobile/Detect.php): failed to open stream: No such file or directory  in /var/www/html/indedelights/lib/Varien/Autoload.php on line 93
2014-04-16T06:53:05+00:00 ERR (3): Warning: include(): Failed opening 'Mobile/Detect.php' for inclusion (include_path='/var/www/html/indedelights/app/code/local:/var/www/html/indedelights/app/code/community:/var/www/html/indedelights/app/code/core:/var/www/html/indedelights/lib:.:/usr/share/pear:/usr/share/php')  in /var/www/html/indedelights/lib/Varien/Autoload.php on line 93
2014-04-16T06:53:05+00:00 ERR (3): Warning: parse_ini_file(/var/www/html/indedelights/app/design/frontend/default/default/profiles//core/.ini): failed to open stream: No such file or directory  in /var/www/html/indedelights/app/code/local/Wavethemes/Jmbasetheme/Helper/Data.php on line 87
2014-04-16T06:53:05+00:00 ERR (3): Warning: parse_ini_file(/var/www/html/indedelights/app/design/frontend/default/default/profiles//core/.ini): failed to open stream: No such file or directory  in /var/www/html/indedelights/app/code/local/Wavethemes/Jmbasetheme/Helper/Data.php on line 87
2014-04-16T06:53:05+00:00 ERR (3): Notice: Undefined variable: curenturl  in /var/www/html/indedelights/app/design/frontend/base/default/template/jmquickview/quickviewhead.phtml on line 4
2014-04-16T06:53:06+00:00 ERR (3): Notice: Undefined variable: children  in /var/www/html/indedelights/lib/megamenu/mega.class.php on line 110
2014-04-16T06:53:06+00:00 CRIT (2): Not valid template file:frontend/base/default/template/page/html/region-nav.phtml
2014-04-16T06:53:09+00:00 ERR (3): Warning: parse_ini_file(/var/www/html/indedelights/app/design/frontend/default/default/profiles//core/.ini): failed to open stream: No such file or directory  in /var/www/html/indedelights/app/code/local/Wavethemes/Jmbasetheme/Helper/Data.php on line 87
2014-04-16T06:53:09+00:00 ERR (3): Warning: include(Mobile/Detect.php): failed to open stream: No such file or directory  in /var/www/html/indedelights/lib/Varien/Autoload.php on line 93
2014-04-16T06:53:09+00:00 ERR (3): Warning: include(): Failed opening 'Mobile/Detect.php' for inclusion (include_path='/var/www/html/indedelights/app/code/local:/var/www/html/indedelights/app/code/community:/var/www/html/indedelights/app/code/core:/var/www/html/indedelights/lib:.:/usr/share/pear:/usr/share/php')  in /var/www/html/indedelights/lib/Varien/Autoload.php on line 93
2014-04-16T06:53:10+00:00 ERR (3): Warning: include(Mobile/Detect.php): failed to open stream: No such file or directory  in /var/www/html/indedelights/lib/Varien/Autoload.php on line 93
2014-04-16T06:53:10+00:00 ERR (3): Warning: include(): Failed opening 'Mobile/Detect.php' for inclusion (include_path='/var/www/html/indedelights/app/code/local:/var/www/html/indedelights/app/code/community:/var/www/html/indedelights/app/code/core:/var/www/html/indedelights/lib:.:/usr/share/pear:/usr/share/php')  in /var/www/html/indedelights/lib/Varien/Autoload.php on line 93
2014-04-16T06:53:10+00:00 ERR (3): Warning: parse_ini_file(/var/www/html/indedelights/app/design/frontend/default/default/profiles//core/.ini): failed to open stream: No such file or directory  in /var/www/html/indedelights/app/code/local/Wavethemes/Jmbasetheme/Helper/Data.php on line 87
2014-04-16T06:53:11+00:00 ERR (3): Warning: parse_ini_file(/var/www/html/indedelights/app/design/frontend/default/default/profiles//core/.ini): failed to open stream: No such file or directory  in /var/www/html/indedelights/app/code/local/Wavethemes/Jmbasetheme/Helper/Data.php on line 87
2014-04-16T06:53:11+00:00 ERR (3): Notice: Undefined variable: curenturl  in /var/www/html/indedelights/app/design/frontend/base/default/template/jmquickview/quickviewhead.phtml on line 4
2014-04-16T06:53:11+00:00 ERR (3): Notice: Undefined variable: children  in /var/www/html/indedelights/lib/megamenu/mega.class.php on line 110
2014-04-16T06:53:11+00:00 ERR (3): Warning: include(Mobile/Detect.php): failed to open stream: No such file or directory  in /var/www/html/indedelights/lib/Varien/Autoload.php on line 93
2014-04-16T06:53:11+00:00 ERR (3): Warning: include(): Failed opening 'Mobile/Detect.php' for inclusion (include_path='/var/www/html/indedelights/app/code/local:/var/www/html/indedelights/app/code/community:/var/www/html/indedelights/app/code/core:/var/www/html/indedelights/lib:.:/usr/share/pear:/usr/share/php')  in /var/www/html/indedelights/lib/Varien/Autoload.php on line 93
2014-04-16T06:53:11+00:00 ERR (3): Warning: parse_ini_file(/var/www/html/indedelights/app/design/frontend/default/default/profiles//core/.ini): failed to open stream: No such file or directory  in /var/www/html/indedelights/app/code/local/Wavethemes/Jmbasetheme/Helper/Data.php on line 87
2014-04-16T06:53:11+00:00 ERR (3): Warning: parse_ini_file(/var/www/html/indedelights/app/design/frontend/default/default/profiles//core/.ini): failed to open stream: No such file or directory  in /var/www/html/indedelights/app/code/local/Wavethemes/Jmbasetheme/Helper/Data.php on line 87
2014-04-16T06:53:11+00:00 ERR (3): Notice: Undefined variable: curenturl  in /var/www/html/indedelights/app/design/frontend/base/default/template/jmquickview/quickviewhead.phtml on line 4
2014-04-16T06:53:11+00:00 ERR (3): Notice: Undefined variable: children  in /var/www/html/indedelights/lib/megamenu/mega.class.php on line 110
2014-04-16T06:53:16+00:00 ERR (3): Warning: include(Mobile/Detect.php): failed to open stream: No such file or directory  in /var/www/html/indedelights/lib/Varien/Autoload.php on line 93
2014-04-16T06:53:16+00:00 ERR (3): Warning: include(): Failed opening 'Mobile/Detect.php' for inclusion (include_path='/var/www/html/indedelights/app/code/local:/var/www/html/indedelights/app/code/community:/var/www/html/indedelights/app/code/core:/var/www/html/indedelights/lib:.:/usr/share/pear:/usr/share/php')  in /var/www/html/indedelights/lib/Varien/Autoload.php on line 93
2014-04-16T06:53:16+00:00 ERR (3): Warning: parse_ini_file(/var/www/html/indedelights/app/design/frontend/default/default/profiles//core/.ini): failed to open stream: No such file or directory  in /var/www/html/indedelights/app/code/local/Wavethemes/Jmbasetheme/Helper/Data.php on line 87
2014-04-16T06:53:16+00:00 ERR (3): Warning: parse_ini_file(/var/www/html/indedelights/app/design/frontend/default/default/profiles//core/.ini): failed to open stream: No such file or directory  in /var/www/html/indedelights/app/code/local/Wavethemes/Jmbasetheme/Helper/Data.php on line 87
2014-04-16T06:53:16+00:00 ERR (3): Notice: Undefined variable: curenturl  in /var/www/html/indedelights/app/design/frontend/base/default/template/jmquickview/quickviewhead.phtml on line 4
2014-04-16T06:53:16+00:00 ERR (3): Notice: Undefined variable: children  in /var/www/html/indedelights/lib/megamenu/mega.class.php on line 110
2014-04-16T06:53:16+00:00 CRIT (2): Not valid template file:frontend/base/default/template/page/html/region-nav.phtml
2014-04-16T06:53:18+00:00 ERR (3): Warning: parse_ini_file(/var/www/html/indedelights/app/design/frontend/default/default/profiles//core/.ini): failed to open stream: No such file or directory  in /var/www/html/indedelights/app/code/local/Wavethemes/Jmbasetheme/Helper/Data.php on line 87
2014-04-16T06:53:18+00:00 ERR (3): Warning: include(Mobile/Detect.php): failed to open stream: No such file or directory  in /var/www/html/indedelights/lib/Varien/Autoload.php on line 93
2014-04-16T06:53:18+00:00 ERR (3): Warning: include(): Failed opening 'Mobile/Detect.php' for inclusion (include_path='/var/www/html/indedelights/app/code/local:/var/www/html/indedelights/app/code/community:/var/www/html/indedelights/app/code/core:/var/www/html/indedelights/lib:.:/usr/share/pear:/usr/share/php')  in /var/www/html/indedelights/lib/Varien/Autoload.php on line 93
2014-04-16T06:53:19+00:00 ERR (3): Warning: include(Mobile/Detect.php): failed to open stream: No such file or directory  in /var/www/html/indedelights/lib/Varien/Autoload.php on line 93
2014-04-16T06:53:19+00:00 ERR (3): Warning: include(): Failed opening 'Mobile/Detect.php' for inclusion (include_path='/var/www/html/indedelights/app/code/local:/var/www/html/indedelights/app/code/community:/var/www/html/indedelights/app/code/core:/var/www/html/indedelights/lib:.:/usr/share/pear:/usr/share/php')  in /var/www/html/indedelights/lib/Varien/Autoload.php on line 93
2014-04-16T06:53:19+00:00 ERR (3): Warning: parse_ini_file(/var/www/html/indedelights/app/design/frontend/default/default/profiles//core/.ini): failed to open stream: No such file or directory  in /var/www/html/indedelights/app/code/local/Wavethemes/Jmbasetheme/Helper/Data.php on line 87
2014-04-16T06:53:19+00:00 ERR (3): Warning: parse_ini_file(/var/www/html/indedelights/app/design/frontend/default/default/profiles//core/.ini): failed to open stream: No such file or directory  in /var/www/html/indedelights/app/code/local/Wavethemes/Jmbasetheme/Helper/Data.php on line 87
2014-04-16T06:53:19+00:00 ERR (3): Notice: Undefined variable: curenturl  in /var/www/html/indedelights/app/design/frontend/base/default/template/jmquickview/quickviewhead.phtml on line 4
2014-04-16T06:53:19+00:00 ERR (3): Notice: Undefined variable: children  in /var/www/html/indedelights/lib/megamenu/mega.class.php on line 110
2014-04-16T06:53:19+00:00 ERR (3): Warning: include(Mobile/Detect.php): failed to open stream: No such file or directory  in /var/www/html/indedelights/lib/Varien/Autoload.php on line 93
2014-04-16T06:53:19+00:00 ERR (3): Warning: include(): Failed opening 'Mobile/Detect.php' for inclusion (include_path='/var/www/html/indedelights/app/code/local:/var/www/html/indedelights/app/code/community:/var/www/html/indedelights/app/code/core:/var/www/html/indedelights/lib:.:/usr/share/pear:/usr/share/php')  in /var/www/html/indedelights/lib/Varien/Autoload.php on line 93
2014-04-16T06:53:19+00:00 ERR (3): Warning: parse_ini_file(/var/www/html/indedelights/app/design/frontend/default/default/profiles//core/.ini): failed to open stream: No such file or directory  in /var/www/html/indedelights/app/code/local/Wavethemes/Jmbasetheme/Helper/Data.php on line 87
2014-04-16T06:53:19+00:00 ERR (3): Warning: parse_ini_file(/var/www/html/indedelights/app/design/frontend/default/default/profiles//core/.ini): failed to open stream: No such file or directory  in /var/www/html/indedelights/app/code/local/Wavethemes/Jmbasetheme/Helper/Data.php on line 87
2014-04-16T06:53:19+00:00 ERR (3): Notice: Undefined variable: curenturl  in /var/www/html/indedelights/app/design/frontend/base/default/template/jmquickview/quickviewhead.phtml on line 4
2014-04-16T06:53:19+00:00 ERR (3): Notice: Undefined variable: children  in /var/www/html/indedelights/lib/megamenu/mega.class.php on line 110
2014-04-16T06:53:46+00:00 ERR (3): Warning: include(Mobile/Detect.php): failed to open stream: No such file or directory  in /var/www/html/indedelights/lib/Varien/Autoload.php on line 93
2014-04-16T06:53:46+00:00 ERR (3): Warning: include(): Failed opening 'Mobile/Detect.php' for inclusion (include_path='/var/www/html/indedelights/app/code/local:/var/www/html/indedelights/app/code/community:/var/www/html/indedelights/app/code/core:/var/www/html/indedelights/lib:.:/usr/share/pear:/usr/share/php')  in /var/www/html/indedelights/lib/Varien/Autoload.php on line 93
